/*C2*/SET SCHEMA PUBLIC
SET DATABASE TRANSACTION CONTROL MVLOCKS
SET SCHEMA "PUBLIC"
/*C3*/SET SCHEMA PUBLIC
SET DATABASE TRANSACTION CONTROL MVLOCKS
/*C4*/SET SCHEMA PUBLIC
SET DATABASE TRANSACTION CONTROL MVLOCKS
/*C5*/SET SCHEMA PUBLIC
SET DATABASE TRANSACTION CONTROL MVLOCKS
/*C6*/SET SCHEMA PUBLIC
SET DATABASE TRANSACTION CONTROL MVLOCKS
/*C7*/SET SCHEMA PUBLIC
SET DATABASE TRANSACTION CONTROL MVLOCKS
/*C2*/DELETE FROM "libertybans_names" WHERE "uuid"='da7615f8-e0d4-4527-a201-0c1644dca665' AND "name"='textenter' AND "lower_name"='textenter' AND "updated"=1753248800
INSERT INTO "libertybans_names" VALUES('da7615f8-e0d4-4527-a201-0c1644dca665','textenter','textenter',1753249564)
INSERT INTO "libertybans_addresses" VALUES('da7615f8-e0d4-4527-a201-0c1644dca665','59210cf1',1753249564)
COMMIT
/*C4*/DISCONNECT
/*C8*/SET SCHEMA PUBLIC
SET DATABASE TRANSACTION CONTROL MVLOCKS
/*C3*/DISCONNECT
/*C9*/SET SCHEMA PUBLIC
SET DATABASE TRANSACTION CONTROL MVLOCKS
/*C7*/DISCONNECT
/*C10*/SET SCHEMA PUBLIC
SET DATABASE TRANSACTION CONTROL MVLOCKS
/*C2*/DISCONNECT
/*C11*/SET SCHEMA PUBLIC
SET DATABASE TRANSACTION CONTROL MVLOCKS
/*C6*/DISCONNECT
/*C12*/SET SCHEMA PUBLIC
SET DATABASE TRANSACTION CONTROL MVLOCKS
/*C5*/DISCONNECT
/*C13*/SET SCHEMA PUBLIC
SET DATABASE TRANSACTION CONTROL MVLOCKS
/*C8*/DISCONNECT
/*C14*/SET SCHEMA PUBLIC
SET DATABASE TRANSACTION CONTROL MVLOCKS
/*C13*/DISCONNECT
/*C15*/SET SCHEMA PUBLIC
SET DATABASE TRANSACTION CONTROL MVLOCKS
/*C9*/DISCONNECT
/*C16*/SET SCHEMA PUBLIC
SET DATABASE TRANSACTION CONTROL MVLOCKS
/*C10*/DISCONNECT
/*C17*/SET SCHEMA PUBLIC
SET DATABASE TRANSACTION CONTROL MVLOCKS
/*C12*/DISCONNECT
/*C18*/SET SCHEMA PUBLIC
SET DATABASE TRANSACTION CONTROL MVLOCKS
/*C11*/DISCONNECT
/*C19*/SET SCHEMA PUBLIC
SET DATABASE TRANSACTION CONTROL MVLOCKS
